<?xml version="1.0" encoding="UTF-8"?>
<testsuite xmlns:xsi="http://www.w3.org/2001/XMLSchema-instance" xsi:noNamespaceSchemaLocation="https://maven.apache.org/surefire/maven-surefire-plugin/xsd/surefire-test-report-3.0.xsd" version="3.0" name="com.personal.type.ahead.suggestor.TypeAheadSuggestorApplicationTests" time="1.918" tests="1" errors="0" skipped="0" failures="0">
  <properties>
[...]
</properties>
  <testcase name="contextLoads" classname="com.personal.type.ahead.suggestor.TypeAheadSuggestorApplicationTests" time="0.683">
    <system-out><![CDATA[11:05:31.456 [main] INFO org.springframework.test.context.support.AnnotationConfigContextLoaderUtils -- Could not detect default configuration classes for test class [com.personal.type.ahead.suggestor.TypeAheadSuggestorApplicationTests]: TypeAheadSuggestorApplicationTests does not declare any static, non-private, non-final, nested classes annotated with @Configuration.
11:05:31.528 [main] INFO org.springframework.boot.test.context.SpringBootTestContextBootstrapper -- Found @SpringBootConfiguration com.personal.type.ahead.suggestor.TypeAheadSuggestorApplication for test class com.personal.type.ahead.suggestor.TypeAheadSuggestorApplicationTests

  .   ____          _            __ _ _
 /\\ / ___'_ __ _ _(_)_ __  __ _ \ \ \ \
( ( )\___ | '_ | '_| | '_ \/ _` | \ \ \ \
 \\/  ___)| |_)| | | | | || (_| |  ) ) ) )
  '  |____| .__|_| |_|_| |_\__, | / / / /
 =========|_|==============|___/=/_/_/_/
 :: Spring Boot ::                (v3.1.2)

2023-08-26T11:05:31.779+05:30  INFO 22674 --- [           main] t.a.s.TypeAheadSuggestorApplicationTests : Starting TypeAheadSuggestorApplicationTests using Java 17.0.6 with PID 22674 (started by b0a04gl in /Users/b0a04gl/Documents/#BA6/type-ahead-suggestor-own)
2023-08-26T11:05:31.781+05:30  INFO 22674 --- [           main] t.a.s.TypeAheadSuggestorApplicationTests : No active profile set, falling back to 1 default profile: "default"
2023-08-26T11:05:32.531+05:30  INFO 22674 --- [           main] t.a.s.TypeAheadSuggestorApplicationTests : Started TypeAheadSuggestorApplicationTests in 0.909 seconds (process running for 1.676)
]]></system-out>
  </testcase>
</testsuite>